<?xml version="1.0" encoding="UTF-8"?>
<!-- Generated by org.testng.reporters.JUnitReportReporter -->
<testsuite hostname="DESKTOP-J1H1M47" failures="0" tests="1" name="TestLayer.MSBTEActTest" time="5.702" errors="0" timestamp="2022-08-14T10:27:23 GMT-07:00" skipped="0">
  <testcase classname="TestLayer.MSBTEActTest" name="clickOnवाघLink1" time="5.702"/>
  <system-out/>
</testsuite> <!-- TestLayer.MSBTEActTest -->
