<?xml version="1.0" encoding="UTF-8"?>
<!-- Generated by org.testng.reporters.JUnitReportReporter -->
<testsuite hostname="DESKTOP-J1H1M47" failures="0" tests="4" name="TestLayer.HomePageTest" time="5.189" errors="0" timestamp="2022-08-14T10:27:23 GMT-07:00" skipped="0">
  <testcase classname="TestLayer.HomePageTest" name="validateHomePageTitle" time="0.079"/>
  <system-out/>
  <testcase classname="TestLayer.HomePageTest" name="validateHpmePageUrl" time="0.016"/>
  <system-out/>
  <testcase classname="TestLayer.HomePageTest" name="ValidateHomePageLogo" time="0.106"/>
  <system-out/>
  <testcase classname="TestLayer.HomePageTest" name="moveToOnAboutAsLinkAndClickOnMSBTELink" time="4.988"/>
  <system-out/>
</testsuite> <!-- TestLayer.HomePageTest -->
