<?xml version="1.0" encoding="UTF-8"?>
<!-- Generated by org.testng.reporters.JUnitReportReporter -->
<testsuite hostname="DESKTOP-J1H1M47" failures="0" tests="2" name="TestLayer.FbRegPageTest" time="0.936" errors="0" timestamp="2022-08-16T03:15:50 GMT-07:00" skipped="0">
  <testcase classname="TestLayer.FbRegPageTest" name="fristName" time="0.580"/>
  <system-out/>
  <testcase classname="TestLayer.FbRegPageTest" name="enterBod" time="0.356"/>
  <system-out/>
</testsuite> <!-- TestLayer.FbRegPageTest -->
